Determining if the pthread_create exist failed with the following output:
Change Dir: /home/rbnuc/Desktop/UIUK_QUAD/src/CMakeFiles/CMakeTmp

Run Build Command:"/usr/bin/make" "cmTC_def27/fast"
/usr/bin/make -f CMakeFiles/cmTC_def27.dir/build.make CMakeFiles/cmTC_def27.dir/build
make[1]: Entering directory '/home/rbnuc/Desktop/UIUK_QUAD/src/CMakeFiles/CMakeTmp'
Building C object CMakeFiles/cmTC_def27.dir/CheckSymbolExists.c.o
/usr/bin/gcc     -o CMakeFiles/cmTC_def27.dir/CheckSymbolExists.c.o   -c /home/rbnuc/Desktop/UIUK_QUAD/src/CMakeFiles/CMakeTmp/CheckSymbolExists.c
Linking C executable cmTC_def27
/usr/bin/cmake -E cmake_link_script CMakeFiles/cmTC_def27.dir/link.txt --verbose=1
/usr/bin/gcc       CMakeFiles/cmTC_def27.dir/CheckSymbolExists.c.o  -o cmTC_def27 -rdynamic 
CMakeFiles/cmTC_def27.dir/CheckSymbolExists.c.o: In function `main':
CheckSymbolExists.c:(.text+0x16): undefined reference to `pthread_create'
collect2: error: ld returned 1 exit status
CMakeFiles/cmTC_def27.dir/build.make:97: recipe for target 'cmTC_def27' failed
make[1]: *** [cmTC_def27] Error 1
make[1]: Leaving directory '/home/rbnuc/Desktop/UIUK_QUAD/src/CMakeFiles/CMakeTmp'
Makefile:126: recipe for target 'cmTC_def27/fast' failed
make: *** [cmTC_def27/fast] Error 2

File /home/rbnuc/Desktop/UIUK_QUAD/src/CMakeFiles/CMakeTmp/CheckSymbolExists.c:
/* */
#include <pthread.h>

int main(int argc, char** argv)
{
  (void)argv;
#ifndef pthread_create
  return ((int*)(&pthread_create))[argc];
#else
  (void)argc;
  return 0;
#endif
}

Determining if the function pthread_create exists in the pthreads failed with the following output:
Change Dir: /home/rbnuc/Desktop/UIUK_QUAD/src/CMakeFiles/CMakeTmp

Run Build Command:"/usr/bin/make" "cmTC_fdf8c/fast"
/usr/bin/make -f CMakeFiles/cmTC_fdf8c.dir/build.make CMakeFiles/cmTC_fdf8c.dir/build
make[1]: Entering directory '/home/rbnuc/Desktop/UIUK_QUAD/src/CMakeFiles/CMakeTmp'
Building C object CMakeFiles/cmTC_fdf8c.dir/CheckFunctionExists.c.o
/usr/bin/gcc    -DCHECK_FUNCTION_EXISTS=pthread_create   -o CMakeFiles/cmTC_fdf8c.dir/CheckFunctionExists.c.o   -c /usr/share/cmake-3.5/Modules/CheckFunctionExists.c
Linking C executable cmTC_fdf8c
/usr/bin/cmake -E cmake_link_script CMakeFiles/cmTC_fdf8c.dir/link.txt --verbose=1
/usr/bin/gcc   -DCHECK_FUNCTION_EXISTS=pthread_create    CMakeFiles/cmTC_fdf8c.dir/CheckFunctionExists.c.o  -o cmTC_fdf8c -rdynamic -lpthreads 
/usr/bin/ld: cannot find -lpthreads
collect2: error: ld returned 1 exit status
CMakeFiles/cmTC_fdf8c.dir/build.make:97: recipe for target 'cmTC_fdf8c' failed
make[1]: *** [cmTC_fdf8c] Error 1
make[1]: Leaving directory '/home/rbnuc/Desktop/UIUK_QUAD/src/CMakeFiles/CMakeTmp'
Makefile:126: recipe for target 'cmTC_fdf8c/fast' failed
make: *** [cmTC_fdf8c/fast] Error 2


